06-18-2017 19:01:01 - test.log - WARNING -warn message
06-18-2017 19:01:01 - test.log - ERROR -error message
06-18-2017 19:01:01 - test.log - CRITICAL -critical message
2017-06-18 19:01:36,894 - test.log - WARNING -warn message
2017-06-18 19:01:36,895 - test.log - ERROR -error message
2017-06-18 19:01:36,895 - test.log - CRITICAL -critical message
2017-06-18 19:03:25,778 - test.log - DEBUG -debug message
2017-06-18 19:03:25,779 - test.log - INFO -info message
2017-06-18 19:03:25,779 - test.log - WARNING -warn message
2017-06-18 19:03:25,779 - test.log - ERROR -error message
2017-06-18 19:03:25,780 - test.log - CRITICAL -critical message
2017-06-18 19:04:10,815 - test.log - WARNING -warn message
2017-06-18 19:04:10,815 - test.log - ERROR -error message
2017-06-18 19:04:10,960 - test.log - CRITICAL -critical message
2017-06-18 19:05:41,185 - TEST-LOG - CRITICAL -critical message
2017-06-18 19:05:51,393 - TEST-LOG - CRITICAL -critical message
2017-06-18 19:05:52,536 - TEST-LOG - CRITICAL -critical message
2017-06-18 19:05:53,574 - TEST-LOG - CRITICAL -critical message
2017-06-18 19:05:54,458 - TEST-LOG - CRITICAL -critical message
2017-06-18 19:06:58,566 - TEST-LOG - WARNING -warn message
2017-06-18 19:06:58,567 - TEST-LOG - ERROR -error message
2017-06-18 19:06:58,567 - TEST-LOG - CRITICAL -critical message
06-18-2017 19:10:01 - TEST-LOG - WARNING -warn message
06-18-2017 19:10:01 - TEST-LOG - ERROR -error message
06-18-2017 19:10:01 - TEST-LOG - CRITICAL -critical message
